2020-09-30 06:18:58,908 [Worker-3: Loading available Gradle versions] INFO  o.e.b.c.i.u.g.PublishedGradleVersions - Gradle version information cache is up-to-date. Trying to read.
2020-09-30 06:19:10,633 [Worker-2: Updating Maven Dependencies] INFO  o.e.m.c.i.l.LifecycleMappingFactory - Using org.eclipse.m2e.jdt.JarLifecycleMapping lifecycle mapping for MavenProject: com.example:Cineplex:0.0.1-SNAPSHOT @ C:\Users\admin\Desktop\Disque D\Projet de session\Cineplex-V05 avec images\Cineplex\pom.xml.
2020-09-30 06:19:18,245 [Worker-2: Updating Maven Dependencies] INFO  o.e.m.c.i.p.r.ProjectRegistryRefreshJob - org.eclipse.m2e.core.internal.project.registry.ProjectRegistryRefreshJob was canceled
2020-09-30 06:20:00,219 [Worker-0: Launching CineplexApplication] INFO  o.e.m.c.i.l.LifecycleMappingFactory - Using org.eclipse.m2e.jdt.JarLifecycleMapping lifecycle mapping for MavenProject: com.example:Cineplex:0.0.1-SNAPSHOT @ C:\Users\admin\Desktop\Disque D\Projet de session\Cineplex-V05 avec images\Cineplex\pom.xml.
2020-09-30 06:20:05,738 [Worker-0: Launching CineplexApplication] INFO  o.e.m.c.i.embedder.EclipseLogger - Using 'UTF-8' encoding to copy filtered resources.
2020-09-30 06:20:05,747 [Worker-0: Launching CineplexApplication] INFO  o.e.m.c.i.embedder.EclipseLogger - Copying 1 resource
2020-09-30 06:20:05,794 [Worker-0: Launching CineplexApplication] INFO  o.e.m.c.i.embedder.EclipseLogger - Copying 7 resources
2020-09-30 06:20:05,870 [Worker-0: Launching CineplexApplication] INFO  o.e.m.c.i.embedder.EclipseLogger - Using 'UTF-8' encoding to copy filtered resources.
2020-09-30 06:20:05,870 [Worker-0: Launching CineplexApplication] INFO  o.e.m.c.i.embedder.EclipseLogger - skip non existing resourceDirectory C:\Users\admin\Desktop\Disque D\Projet de session\Cineplex-V05 avec images\Cineplex\src\test\resources
2020-09-30 06:27:03,472 [Worker-19: Building] INFO  o.e.m.c.i.embedder.EclipseLogger - Using 'UTF-8' encoding to copy filtered resources.
2020-09-30 06:27:03,474 [Worker-19: Building] INFO  o.e.m.c.i.embedder.EclipseLogger - Copying 0 resource
2020-09-30 06:27:03,475 [Worker-19: Building] INFO  o.e.m.c.i.embedder.EclipseLogger - Copying 0 resource
2020-09-30 06:27:03,479 [Worker-19: Building] INFO  o.e.m.c.i.embedder.EclipseLogger - Using 'UTF-8' encoding to copy filtered resources.
2020-09-30 06:27:03,479 [Worker-19: Building] INFO  o.e.m.c.i.embedder.EclipseLogger - skip non existing resourceDirectory C:\Users\admin\Desktop\Disque D\Projet de session\Cineplex-V05 avec images\Cineplex\src\test\resources
2020-09-30 06:27:30,497 [main] INFO  o.e.m.c.i.e.AbstractTransferListenerAdapter - Downloading https://repo.maven.apache.org/maven2/io/takari/m2e/workspace/org.eclipse.m2e.workspace.cli/0.3.1/org.eclipse.m2e.workspace.cli-0.3.1-sources.jar
2020-09-30 06:27:30,548 [main] INFO  o.e.m.c.i.e.AbstractTransferListenerAdapter - Downloaded https://repo.maven.apache.org/maven2/io/takari/m2e/workspace/org.eclipse.m2e.workspace.cli/0.3.1/org.eclipse.m2e.workspace.cli-0.3.1-sources.jar
2020-09-30 06:27:30,834 [main] INFO  o.e.m.c.i.e.AbstractTransferListenerAdapter - Downloading https://repo.maven.apache.org/maven2/org/codehaus/plexus/plexus-classworlds/2.6.0/plexus-classworlds-2.6.0-sources.jar
2020-09-30 06:27:30,870 [main] INFO  o.e.m.c.i.e.AbstractTransferListenerAdapter - Downloaded https://repo.maven.apache.org/maven2/org/codehaus/plexus/plexus-classworlds/2.6.0/plexus-classworlds-2.6.0-sources.jar
2020-09-30 06:27:31,051 [main] INFO  o.e.m.c.i.e.AbstractTransferListenerAdapter - Downloading https://repo.maven.apache.org/maven2/org/apache/maven/maven-core/3.6.3/maven-core-3.6.3-sources.jar
2020-09-30 06:27:31,177 [main] INFO  o.e.m.c.i.e.AbstractTransferListenerAdapter - Downloaded https://repo.maven.apache.org/maven2/org/apache/maven/maven-core/3.6.3/maven-core-3.6.3-sources.jar
2020-09-30 06:27:31,342 [main] INFO  o.e.m.c.i.e.AbstractTransferListenerAdapter - Downloading https://repo.maven.apache.org/maven2/org/apache/maven/maven-model/3.6.3/maven-model-3.6.3-sources.jar
2020-09-30 06:27:31,393 [main] INFO  o.e.m.c.i.e.AbstractTransferListenerAdapter - Downloaded https://repo.maven.apache.org/maven2/org/apache/maven/maven-model/3.6.3/maven-model-3.6.3-sources.jar
2020-09-30 06:27:31,576 [main] INFO  o.e.m.c.i.e.AbstractTransferListenerAdapter - Downloading https://repo.maven.apache.org/maven2/org/apache/maven/maven-settings/3.6.3/maven-settings-3.6.3-sources.jar
2020-09-30 06:27:31,641 [main] INFO  o.e.m.c.i.e.AbstractTransferListenerAdapter - Downloaded https://repo.maven.apache.org/maven2/org/apache/maven/maven-settings/3.6.3/maven-settings-3.6.3-sources.jar
2020-09-30 06:27:31,829 [main] INFO  o.e.m.c.i.e.AbstractTransferListenerAdapter - Downloading https://repo.maven.apache.org/maven2/org/apache/maven/maven-settings-builder/3.6.3/maven-settings-builder-3.6.3-sources.jar
2020-09-30 06:27:31,862 [main] INFO  o.e.m.c.i.e.AbstractTransferListenerAdapter - Downloaded https://repo.maven.apache.org/maven2/org/apache/maven/maven-settings-builder/3.6.3/maven-settings-builder-3.6.3-sources.jar
2020-09-30 06:27:32,056 [main] INFO  o.e.m.c.i.e.AbstractTransferListenerAdapter - Downloading https://repo.maven.apache.org/maven2/org/apache/maven/maven-builder-support/3.6.3/maven-builder-support-3.6.3-sources.jar
2020-09-30 06:27:32,115 [main] INFO  o.e.m.c.i.e.AbstractTransferListenerAdapter - Downloaded https://repo.maven.apache.org/maven2/org/apache/maven/maven-builder-support/3.6.3/maven-builder-support-3.6.3-sources.jar
2020-09-30 06:27:32,454 [main] INFO  o.e.m.c.i.e.AbstractTransferListenerAdapter - Downloading https://repo.maven.apache.org/maven2/org/apache/maven/maven-repository-metadata/3.6.3/maven-repository-metadata-3.6.3-sources.jar
2020-09-30 06:27:32,578 [main] INFO  o.e.m.c.i.e.AbstractTransferListenerAdapter - Downloaded https://repo.maven.apache.org/maven2/org/apache/maven/maven-repository-metadata/3.6.3/maven-repository-metadata-3.6.3-sources.jar
2020-09-30 06:27:32,819 [main] INFO  o.e.m.c.i.e.AbstractTransferListenerAdapter - Downloading https://repo.maven.apache.org/maven2/org/apache/maven/maven-artifact/3.6.3/maven-artifact-3.6.3-sources.jar
2020-09-30 06:27:32,881 [main] INFO  o.e.m.c.i.e.AbstractTransferListenerAdapter - Downloaded https://repo.maven.apache.org/maven2/org/apache/maven/maven-artifact/3.6.3/maven-artifact-3.6.3-sources.jar
2020-09-30 06:27:33,069 [main] INFO  o.e.m.c.i.e.AbstractTransferListenerAdapter - Downloading https://repo.maven.apache.org/maven2/org/apache/maven/maven-plugin-api/3.6.3/maven-plugin-api-3.6.3-sources.jar
2020-09-30 06:27:33,096 [main] INFO  o.e.m.c.i.e.AbstractTransferListenerAdapter - Downloaded https://repo.maven.apache.org/maven2/org/apache/maven/maven-plugin-api/3.6.3/maven-plugin-api-3.6.3-sources.jar
2020-09-30 06:27:33,370 [main] INFO  o.e.m.c.i.e.AbstractTransferListenerAdapter - Downloading https://repo.maven.apache.org/maven2/org/apache/maven/maven-model-builder/3.6.3/maven-model-builder-3.6.3-sources.jar
2020-09-30 06:27:33,433 [main] INFO  o.e.m.c.i.e.AbstractTransferListenerAdapter - Downloaded https://repo.maven.apache.org/maven2/org/apache/maven/maven-model-builder/3.6.3/maven-model-builder-3.6.3-sources.jar
2020-09-30 06:27:33,607 [main] INFO  o.e.m.c.i.e.AbstractTransferListenerAdapter - Downloading https://repo.maven.apache.org/maven2/org/apache/maven/maven-resolver-provider/3.6.3/maven-resolver-provider-3.6.3-sources.jar
2020-09-30 06:27:34,086 [main] INFO  o.e.m.c.i.e.AbstractTransferListenerAdapter - Downloaded https://repo.maven.apache.org/maven2/org/apache/maven/maven-resolver-provider/3.6.3/maven-resolver-provider-3.6.3-sources.jar
2020-09-30 06:27:34,258 [main] INFO  o.e.m.c.i.e.AbstractTransferListenerAdapter - Downloading https://repo.maven.apache.org/maven2/org/apache/maven/resolver/maven-resolver-api/1.4.1/maven-resolver-api-1.4.1-sources.jar
2020-09-30 06:27:34,925 [main] INFO  o.e.m.c.i.e.AbstractTransferListenerAdapter - Downloaded https://repo.maven.apache.org/maven2/org/apache/maven/resolver/maven-resolver-api/1.4.1/maven-resolver-api-1.4.1-sources.jar
2020-09-30 06:27:35,552 [main] INFO  o.e.m.c.i.e.AbstractTransferListenerAdapter - Downloading https://repo.maven.apache.org/maven2/org/apache/maven/resolver/maven-resolver-spi/1.4.1/maven-resolver-spi-1.4.1-sources.jar
2020-09-30 06:27:35,582 [main] INFO  o.e.m.c.i.e.AbstractTransferListenerAdapter - Downloaded https://repo.maven.apache.org/maven2/org/apache/maven/resolver/maven-resolver-spi/1.4.1/maven-resolver-spi-1.4.1-sources.jar
2020-09-30 06:27:36,171 [main] INFO  o.e.m.c.i.e.AbstractTransferListenerAdapter - Downloading https://repo.maven.apache.org/maven2/org/apache/maven/resolver/maven-resolver-util/1.4.1/maven-resolver-util-1.4.1-sources.jar
2020-09-30 06:27:36,236 [main] INFO  o.e.m.c.i.e.AbstractTransferListenerAdapter - Downloaded https://repo.maven.apache.org/maven2/org/apache/maven/resolver/maven-resolver-util/1.4.1/maven-resolver-util-1.4.1-sources.jar
2020-09-30 06:27:36,876 [main] INFO  o.e.m.c.i.e.AbstractTransferListenerAdapter - Downloading https://repo.maven.apache.org/maven2/org/apache/maven/shared/maven-shared-utils/3.2.1/maven-shared-utils-3.2.1-sources.jar
2020-09-30 06:27:36,934 [main] INFO  o.e.m.c.i.e.AbstractTransferListenerAdapter - Downloaded https://repo.maven.apache.org/maven2/org/apache/maven/shared/maven-shared-utils/3.2.1/maven-shared-utils-3.2.1-sources.jar
2020-09-30 06:27:37,581 [main] INFO  o.e.m.c.i.e.AbstractTransferListenerAdapter - Downloading https://repo.maven.apache.org/maven2/commons-io/commons-io/2.5/commons-io-2.5-sources.jar
2020-09-30 06:27:37,655 [main] INFO  o.e.m.c.i.e.AbstractTransferListenerAdapter - Downloaded https://repo.maven.apache.org/maven2/commons-io/commons-io/2.5/commons-io-2.5-sources.jar
2020-09-30 06:27:37,882 [main] INFO  o.e.m.c.i.e.AbstractTransferListenerAdapter - Downloading https://repo.maven.apache.org/maven2/com/google/guava/guava/25.1-android/guava-25.1-android-sources.jar
2020-09-30 06:27:38,191 [main] INFO  o.e.m.c.i.e.AbstractTransferListenerAdapter - Downloaded https://repo.maven.apache.org/maven2/com/google/guava/guava/25.1-android/guava-25.1-android-sources.jar
2020-09-30 06:27:38,448 [main] INFO  o.e.m.c.i.e.AbstractTransferListenerAdapter - Downloading https://repo.maven.apache.org/maven2/com/google/errorprone/error_prone_annotations/2.1.3/error_prone_annotations-2.1.3-sources.jar
2020-09-30 06:27:38,513 [main] INFO  o.e.m.c.i.e.AbstractTransferListenerAdapter - Downloaded https://repo.maven.apache.org/maven2/com/google/errorprone/error_prone_annotations/2.1.3/error_prone_annotations-2.1.3-sources.jar
2020-09-30 06:27:38,711 [main] INFO  o.e.m.c.i.e.AbstractTransferListenerAdapter - Downloading https://repo.maven.apache.org/maven2/com/google/j2objc/j2objc-annotations/1.1/j2objc-annotations-1.1-sources.jar
2020-09-30 06:27:38,769 [main] INFO  o.e.m.c.i.e.AbstractTransferListenerAdapter - Downloaded https://repo.maven.apache.org/maven2/com/google/j2objc/j2objc-annotations/1.1/j2objc-annotations-1.1-sources.jar
2020-09-30 06:27:38,965 [main] INFO  o.e.m.c.i.e.AbstractTransferListenerAdapter - Downloading https://repo.maven.apache.org/maven2/org/codehaus/mojo/animal-sniffer-annotations/1.14/animal-sniffer-annotations-1.14-sources.jar
2020-09-30 06:27:38,979 [main] INFO  o.e.m.c.i.e.AbstractTransferListenerAdapter - Downloaded https://repo.maven.apache.org/maven2/org/codehaus/mojo/animal-sniffer-annotations/1.14/animal-sniffer-annotations-1.14-sources.jar
2020-09-30 06:27:39,396 [main] INFO  o.e.m.c.i.e.AbstractTransferListenerAdapter - Downloading https://repo.maven.apache.org/maven2/org/codehaus/plexus/plexus-utils/3.2.1/plexus-utils-3.2.1-sources.jar
2020-09-30 06:27:39,481 [main] INFO  o.e.m.c.i.e.AbstractTransferListenerAdapter - Downloaded https://repo.maven.apache.org/maven2/org/codehaus/plexus/plexus-utils/3.2.1/plexus-utils-3.2.1-sources.jar
2020-09-30 06:27:39,721 [main] INFO  o.e.m.c.i.e.AbstractTransferListenerAdapter - Downloading https://repo.maven.apache.org/maven2/org/codehaus/plexus/plexus-component-annotations/2.1.0/plexus-component-annotations-2.1.0-sources.jar
2020-09-30 06:27:39,735 [main] INFO  o.e.m.c.i.e.AbstractTransferListenerAdapter - Downloaded https://repo.maven.apache.org/maven2/org/codehaus/plexus/plexus-component-annotations/2.1.0/plexus-component-annotations-2.1.0-sources.jar
2020-09-30 06:27:39,919 [main] INFO  o.e.m.c.i.e.AbstractTransferListenerAdapter - Downloading https://repo.maven.apache.org/maven2/org/apache/commons/commons-lang3/3.8.1/commons-lang3-3.8.1-sources.jar
2020-09-30 06:27:40,041 [main] INFO  o.e.m.c.i.e.AbstractTransferListenerAdapter - Downloaded https://repo.maven.apache.org/maven2/org/apache/commons/commons-lang3/3.8.1/commons-lang3-3.8.1-sources.jar
2020-09-30 06:27:40,302 [main] INFO  o.e.m.c.i.e.AbstractTransferListenerAdapter - Downloading https://repo.maven.apache.org/maven2/org/apache/maven/maven-embedder/3.6.3/maven-embedder-3.6.3-sources.jar
2020-09-30 06:27:40,322 [main] INFO  o.e.m.c.i.e.AbstractTransferListenerAdapter - Downloaded https://repo.maven.apache.org/maven2/org/apache/maven/maven-embedder/3.6.3/maven-embedder-3.6.3-sources.jar
2020-09-30 06:27:40,632 [main] INFO  o.e.m.c.i.e.AbstractTransferListenerAdapter - Downloading https://repo.maven.apache.org/maven2/org/sonatype/plexus/plexus-sec-dispatcher/1.4/plexus-sec-dispatcher-1.4-sources.jar
2020-09-30 06:27:40,698 [main] INFO  o.e.m.c.i.e.AbstractTransferListenerAdapter - Downloaded https://repo.maven.apache.org/maven2/org/sonatype/plexus/plexus-sec-dispatcher/1.4/plexus-sec-dispatcher-1.4-sources.jar
2020-09-30 06:27:40,946 [main] INFO  o.e.m.c.i.e.AbstractTransferListenerAdapter - Downloading https://repo.maven.apache.org/maven2/org/sonatype/plexus/plexus-cipher/1.7/plexus-cipher-1.7-sources.jar
2020-09-30 06:27:40,961 [main] INFO  o.e.m.c.i.e.AbstractTransferListenerAdapter - Downloaded https://repo.maven.apache.org/maven2/org/sonatype/plexus/plexus-cipher/1.7/plexus-cipher-1.7-sources.jar
2020-09-30 06:27:41,129 [main] INFO  o.e.m.c.i.e.AbstractTransferListenerAdapter - Downloading https://repo.maven.apache.org/maven2/commons-cli/commons-cli/1.4/commons-cli-1.4-sources.jar
2020-09-30 06:27:41,156 [main] INFO  o.e.m.c.i.e.AbstractTransferListenerAdapter - Downloaded https://repo.maven.apache.org/maven2/commons-cli/commons-cli/1.4/commons-cli-1.4-sources.jar
2020-09-30 06:27:41,358 [main] INFO  o.e.m.c.i.e.AbstractTransferListenerAdapter - Downloading https://repo.maven.apache.org/maven2/org/apache/maven/maven-compat/3.6.3/maven-compat-3.6.3-sources.jar
2020-09-30 06:27:41,426 [main] INFO  o.e.m.c.i.e.AbstractTransferListenerAdapter - Downloaded https://repo.maven.apache.org/maven2/org/apache/maven/maven-compat/3.6.3/maven-compat-3.6.3-sources.jar
2020-09-30 06:27:41,574 [main] INFO  o.e.m.c.i.e.AbstractTransferListenerAdapter - Downloading https://repo.maven.apache.org/maven2/org/codehaus/plexus/plexus-interpolation/1.25/plexus-interpolation-1.25-sources.jar
2020-09-30 06:27:41,606 [main] INFO  o.e.m.c.i.e.AbstractTransferListenerAdapter - Downloaded https://repo.maven.apache.org/maven2/org/codehaus/plexus/plexus-interpolation/1.25/plexus-interpolation-1.25-sources.jar
2020-09-30 06:27:41,779 [main] INFO  o.e.m.c.i.e.AbstractTransferListenerAdapter - Downloading https://repo.maven.apache.org/maven2/org/apache/maven/wagon/wagon-provider-api/3.3.4/wagon-provider-api-3.3.4-sources.jar
2020-09-30 06:27:41,811 [main] INFO  o.e.m.c.i.e.AbstractTransferListenerAdapter - Downloaded https://repo.maven.apache.org/maven2/org/apache/maven/wagon/wagon-provider-api/3.3.4/wagon-provider-api-3.3.4-sources.jar
2020-09-30 06:27:41,992 [main] INFO  o.e.m.c.i.e.AbstractTransferListenerAdapter - Downloading https://repo.maven.apache.org/maven2/javax/enterprise/cdi-api/1.0/cdi-api-1.0-sources.jar
2020-09-30 06:27:42,033 [main] INFO  o.e.m.c.i.e.AbstractTransferListenerAdapter - Downloaded https://repo.maven.apache.org/maven2/javax/enterprise/cdi-api/1.0/cdi-api-1.0-sources.jar
2020-09-30 06:27:42,258 [main] INFO  o.e.m.c.i.e.AbstractTransferListenerAdapter - Downloading https://repo.maven.apache.org/maven2/io/takari/aether/aether-connector-okhttp/0.17.8/aether-connector-okhttp-0.17.8-sources.jar
2020-09-30 06:27:42,280 [main] INFO  o.e.m.c.i.e.AbstractTransferListenerAdapter - Downloaded https://repo.maven.apache.org/maven2/io/takari/aether/aether-connector-okhttp/0.17.8/aether-connector-okhttp-0.17.8-sources.jar
2020-09-30 06:27:42,502 [main] INFO  o.e.m.c.i.e.AbstractTransferListenerAdapter - Downloading https://repo.maven.apache.org/maven2/com/squareup/okhttp3/okhttp/3.14.1/okhttp-3.14.1-sources.jar
2020-09-30 06:27:43,105 [main] INFO  o.e.m.c.i.e.AbstractTransferListenerAdapter - Downloaded https://repo.maven.apache.org/maven2/com/squareup/okhttp3/okhttp/3.14.1/okhttp-3.14.1-sources.jar
2020-09-30 06:27:43,767 [main] INFO  o.e.m.c.i.e.AbstractTransferListenerAdapter - Downloading https://repo.maven.apache.org/maven2/com/squareup/okio/okio/1.17.3/okio-1.17.3-sources.jar
2020-09-30 06:27:43,802 [main] INFO  o.e.m.c.i.e.AbstractTransferListenerAdapter - Downloaded https://repo.maven.apache.org/maven2/com/squareup/okio/okio/1.17.3/okio-1.17.3-sources.jar
2020-09-30 06:27:44,462 [main] INFO  o.e.m.c.i.e.AbstractTransferListenerAdapter - Downloading https://repo.maven.apache.org/maven2/org/apache/maven/resolver/maven-resolver-impl/1.4.1/maven-resolver-impl-1.4.1-sources.jar
2020-09-30 06:27:44,509 [main] INFO  o.e.m.c.i.e.AbstractTransferListenerAdapter - Downloaded https://repo.maven.apache.org/maven2/org/apache/maven/resolver/maven-resolver-impl/1.4.1/maven-resolver-impl-1.4.1-sources.jar
2020-09-30 06:27:45,144 [main] INFO  o.e.m.c.i.e.AbstractTransferListenerAdapter - Downloading https://repo.maven.apache.org/maven2/org/apache/maven/resolver/maven-resolver-connector-basic/1.4.1/maven-resolver-connector-basic-1.4.1-sources.jar
2020-09-30 06:27:45,170 [main] INFO  o.e.m.c.i.e.AbstractTransferListenerAdapter - Downloaded https://repo.maven.apache.org/maven2/org/apache/maven/resolver/maven-resolver-connector-basic/1.4.1/maven-resolver-connector-basic-1.4.1-sources.jar
2020-09-30 06:27:45,776 [main] INFO  o.e.m.c.i.e.AbstractTransferListenerAdapter - Downloading https://repo.maven.apache.org/maven2/org/apache/maven/resolver/maven-resolver-transport-wagon/1.4.1/maven-resolver-transport-wagon-1.4.1-sources.jar
2020-09-30 06:27:45,796 [main] INFO  o.e.m.c.i.e.AbstractTransferListenerAdapter - Downloaded https://repo.maven.apache.org/maven2/org/apache/maven/resolver/maven-resolver-transport-wagon/1.4.1/maven-resolver-transport-wagon-1.4.1-sources.jar
2020-09-30 06:27:45,949 [main] INFO  o.e.m.c.i.e.AbstractTransferListenerAdapter - Downloading https://repo.maven.apache.org/maven2/org/apache/maven/wagon/wagon-file/3.3.4/wagon-file-3.3.4-sources.jar
2020-09-30 06:27:46,416 [main] INFO  o.e.m.c.i.e.AbstractTransferListenerAdapter - Downloaded https://repo.maven.apache.org/maven2/org/apache/maven/wagon/wagon-file/3.3.4/wagon-file-3.3.4-sources.jar
2020-09-30 06:27:46,579 [main] INFO  o.e.m.c.i.e.AbstractTransferListenerAdapter - Downloading https://repo.maven.apache.org/maven2/org/fusesource/hawtjni/hawtjni-runtime/1.16/hawtjni-runtime-1.16-sources.jar
2020-09-30 06:27:46,640 [main] INFO  o.e.m.c.i.e.AbstractTransferListenerAdapter - Downloaded https://repo.maven.apache.org/maven2/org/fusesource/hawtjni/hawtjni-runtime/1.16/hawtjni-runtime-1.16-sources.jar
2020-09-30 06:27:46,807 [main] INFO  o.e.m.c.i.e.AbstractTransferListenerAdapter - Downloading https://repo.maven.apache.org/maven2/org/fusesource/jansi/jansi-freebsd32/1.8/jansi-freebsd32-1.8-sources.jar
2020-09-30 06:27:46,837 [main] INFO  o.e.m.c.i.e.AbstractTransferListenerAdapter - Downloaded https://repo.maven.apache.org/maven2/org/fusesource/jansi/jansi-freebsd32/1.8/jansi-freebsd32-1.8-sources.jar
2020-09-30 06:27:47,004 [main] INFO  o.e.m.c.i.e.AbstractTransferListenerAdapter - Downloading https://repo.maven.apache.org/maven2/org/fusesource/jansi/jansi-freebsd64/1.8/jansi-freebsd64-1.8-sources.jar
2020-09-30 06:27:47,028 [main] INFO  o.e.m.c.i.e.AbstractTransferListenerAdapter - Downloaded https://repo.maven.apache.org/maven2/org/fusesource/jansi/jansi-freebsd64/1.8/jansi-freebsd64-1.8-sources.jar
2020-09-30 06:27:47,237 [main] INFO  o.e.m.c.i.e.AbstractTransferListenerAdapter - Downloading https://repo.maven.apache.org/maven2/org/fusesource/jansi/jansi-linux32/1.8/jansi-linux32-1.8-sources.jar
2020-09-30 06:27:47,266 [main] INFO  o.e.m.c.i.e.AbstractTransferListenerAdapter - Downloaded https://repo.maven.apache.org/maven2/org/fusesource/jansi/jansi-linux32/1.8/jansi-linux32-1.8-sources.jar
2020-09-30 06:27:47,631 [main] INFO  o.e.m.c.i.e.AbstractTransferListenerAdapter - Downloading https://repo.maven.apache.org/maven2/org/fusesource/jansi/jansi-linux64/1.8/jansi-linux64-1.8-sources.jar
2020-09-30 06:27:47,662 [main] INFO  o.e.m.c.i.e.AbstractTransferListenerAdapter - Downloaded https://repo.maven.apache.org/maven2/org/fusesource/jansi/jansi-linux64/1.8/jansi-linux64-1.8-sources.jar
2020-09-30 06:27:47,828 [main] INFO  o.e.m.c.i.e.AbstractTransferListenerAdapter - Downloading https://repo.maven.apache.org/maven2/org/fusesource/jansi/jansi-native/1.8/jansi-native-1.8-sources.jar
2020-09-30 06:27:47,844 [main] INFO  o.e.m.c.i.e.AbstractTransferListenerAdapter - Downloaded https://repo.maven.apache.org/maven2/org/fusesource/jansi/jansi-native/1.8/jansi-native-1.8-sources.jar
2020-09-30 06:27:48,006 [main] INFO  o.e.m.c.i.e.AbstractTransferListenerAdapter - Downloading https://repo.maven.apache.org/maven2/org/fusesource/jansi/jansi-osx/1.8/jansi-osx-1.8-sources.jar
2020-09-30 06:27:48,066 [main] INFO  o.e.m.c.i.e.AbstractTransferListenerAdapter - Downloaded https://repo.maven.apache.org/maven2/org/fusesource/jansi/jansi-osx/1.8/jansi-osx-1.8-sources.jar
2020-09-30 06:27:48,261 [main] INFO  o.e.m.c.i.e.AbstractTransferListenerAdapter - Downloading https://repo.maven.apache.org/maven2/org/fusesource/jansi/jansi-windows32/1.8/jansi-windows32-1.8-sources.jar
2020-09-30 06:27:48,341 [main] INFO  o.e.m.c.i.e.AbstractTransferListenerAdapter - Downloaded https://repo.maven.apache.org/maven2/org/fusesource/jansi/jansi-windows32/1.8/jansi-windows32-1.8-sources.jar
2020-09-30 06:27:48,703 [main] INFO  o.e.m.c.i.e.AbstractTransferListenerAdapter - Downloading https://repo.maven.apache.org/maven2/org/fusesource/jansi/jansi-windows64/1.8/jansi-windows64-1.8-sources.jar
2020-09-30 06:27:48,769 [main] INFO  o.e.m.c.i.e.AbstractTransferListenerAdapter - Downloaded https://repo.maven.apache.org/maven2/org/fusesource/jansi/jansi-windows64/1.8/jansi-windows64-1.8-sources.jar
2020-09-30 06:27:48,948 [main] INFO  o.e.m.c.i.e.AbstractTransferListenerAdapter - Downloading https://repo.maven.apache.org/maven2/org/fusesource/jansi/jansi/1.17.1/jansi-1.17.1-sources.jar
2020-09-30 06:27:48,974 [main] INFO  o.e.m.c.i.e.AbstractTransferListenerAdapter - Downloaded https://repo.maven.apache.org/maven2/org/fusesource/jansi/jansi/1.17.1/jansi-1.17.1-sources.jar
2020-09-30 06:27:49,151 [main] INFO  o.e.m.c.i.e.AbstractTransferListenerAdapter - Downloading https://repo.maven.apache.org/maven2/org/slf4j/slf4j-simple/1.7.5/slf4j-simple-1.7.5-sources.jar
2020-09-30 06:27:49,168 [main] INFO  o.e.m.c.i.e.AbstractTransferListenerAdapter - Downloaded https://repo.maven.apache.org/maven2/org/slf4j/slf4j-simple/1.7.5/slf4j-simple-1.7.5-sources.jar
2020-09-30 06:28:20,745 [main] INFO  o.e.m2e.actions.ExecutePomAction - Creating new launch configuration
2020-09-30 06:28:36,530 [Worker-19: Launching Cineplex] INFO  o.e.m.i.launch.MavenLaunchDelegate - C:\Users\admin\Desktop\Disque D\Projet de session\Cineplex-V05 avec images\Cineplex
2020-09-30 06:28:36,531 [Worker-19: Launching Cineplex] INFO  o.e.m.i.launch.MavenLaunchDelegate -  mvn -Ppom.xml -B package
2020-09-30 06:29:09,054 [main] INFO  o.e.m2e.actions.ExecutePomAction - Creating new launch configuration
2020-09-30 06:29:19,178 [Worker-22: Launching Cineplex (1)] INFO  o.e.m.i.launch.MavenLaunchDelegate - C:\Users\admin\Desktop\Disque D\Projet de session\Cineplex-V05 avec images\Cineplex
2020-09-30 06:29:19,178 [Worker-22: Launching Cineplex (1)] INFO  o.e.m.i.launch.MavenLaunchDelegate -  mvn -Ppom.xml -B package
2020-09-30 06:35:28,619 [Worker-23: Building] INFO  o.e.m.c.i.embedder.EclipseLogger - Using 'UTF-8' encoding to copy filtered resources.
2020-09-30 06:35:28,631 [Worker-23: Building] INFO  o.e.m.c.i.embedder.EclipseLogger - Copying 1 resource
2020-09-30 06:35:28,643 [Worker-23: Building] INFO  o.e.m.c.i.embedder.EclipseLogger - Copying 7 resources
2020-09-30 06:35:28,811 [Worker-23: Building] INFO  o.e.m.c.i.embedder.EclipseLogger - Using 'UTF-8' encoding to copy filtered resources.
2020-09-30 06:35:28,812 [Worker-23: Building] INFO  o.e.m.c.i.embedder.EclipseLogger - skip non existing resourceDirectory C:\Users\admin\Desktop\Disque D\Projet de session\Cineplex-V05 avec images\Cineplex\src\test\resources
2020-09-30 06:38:50,991 [main] INFO  o.e.m2e.actions.ExecutePomAction - Creating new launch configuration
2020-09-30 06:39:00,588 [Worker-21: Launching Cineplex (2)] INFO  o.e.m.i.launch.MavenLaunchDelegate - C:\Users\admin\Desktop\Disque D\Projet de session\Cineplex-V05 avec images\Cineplex
2020-09-30 06:39:00,589 [Worker-21: Launching Cineplex (2)] INFO  o.e.m.i.launch.MavenLaunchDelegate -  mvn -Ppom.xml -B package
2020-09-30 06:56:32,128 [Worker-2: Loading available Gradle versions] INFO  o.e.b.c.i.u.g.PublishedGradleVersions - Gradle version information cache is up-to-date. Trying to read.
2020-10-02 19:31:02,429 [Worker-1: Loading available Gradle versions] INFO  o.e.b.c.i.u.g.PublishedGradleVersions - Gradle version information cache is up-to-date. Trying to read.
2020-10-02 19:32:56,670 [Worker-12: Launching CineplexApplication] INFO  o.e.m.c.i.embedder.EclipseLogger - Using 'UTF-8' encoding to copy filtered resources.
2020-10-02 19:32:56,681 [Worker-12: Launching CineplexApplication] INFO  o.e.m.c.i.embedder.EclipseLogger - Copying 1 resource
2020-10-02 19:32:56,703 [Worker-12: Launching CineplexApplication] INFO  o.e.m.c.i.embedder.EclipseLogger - Copying 7 resources
2020-10-02 19:32:56,785 [Worker-12: Launching CineplexApplication] INFO  o.e.m.c.i.embedder.EclipseLogger - Using 'UTF-8' encoding to copy filtered resources.
2020-10-02 19:32:56,785 [Worker-12: Launching CineplexApplication] INFO  o.e.m.c.i.embedder.EclipseLogger - skip non existing resourceDirectory C:\Users\admin\Desktop\Disque D\Projet de session\Cineplex-V05 avec images\Cineplex\src\test\resources
2020-10-02 19:36:24,983 [Worker-1: Loading available Gradle versions] INFO  o.e.b.c.i.u.g.PublishedGradleVersions - Gradle version information cache is up-to-date. Trying to read.
2020-10-03 21:43:01,854 [Worker-1: Loading available Gradle versions] INFO  o.e.b.c.i.u.g.PublishedGradleVersions - Gradle version information cache is up-to-date. Trying to read.
2020-10-03 21:43:58,374 [Worker-5: Building] INFO  o.e.m.c.i.embedder.EclipseLogger - Using 'UTF-8' encoding to copy filtered resources.
2020-10-03 21:43:58,382 [Worker-5: Building] INFO  o.e.m.c.i.embedder.EclipseLogger - Copying 1 resource
2020-10-03 21:43:58,406 [Worker-5: Building] INFO  o.e.m.c.i.embedder.EclipseLogger - Copying 7 resources
2020-10-03 21:43:58,418 [Worker-5: Building] INFO  o.e.m.c.i.embedder.EclipseLogger - Using 'UTF-8' encoding to copy filtered resources.
2020-10-03 21:43:58,419 [Worker-5: Building] INFO  o.e.m.c.i.embedder.EclipseLogger - skip non existing resourceDirectory C:\Users\admin\Desktop\Disque D\Projet de session\Cineplex\Cineplex\src\test\resources
2020-10-03 21:50:08,407 [Worker-0: Building] INFO  o.e.m.c.i.embedder.EclipseLogger - Using 'UTF-8' encoding to copy filtered resources.
2020-10-03 21:50:08,416 [Worker-0: Building] INFO  o.e.m.c.i.embedder.EclipseLogger - Copying 1 resource
2020-10-03 21:50:08,425 [Worker-0: Building] INFO  o.e.m.c.i.embedder.EclipseLogger - Copying 7 resources
2020-10-03 21:50:08,431 [Worker-0: Building] INFO  o.e.m.c.i.embedder.EclipseLogger - Using 'UTF-8' encoding to copy filtered resources.
2020-10-03 21:50:08,431 [Worker-0: Building] INFO  o.e.m.c.i.embedder.EclipseLogger - skip non existing resourceDirectory C:\Users\admin\Desktop\Disque D\Projet de session\Cineplex\Cineplex\src\test\resources
2020-10-04 01:43:47,648 [Worker-63: Building] INFO  o.e.m.c.i.embedder.EclipseLogger - Using 'UTF-8' encoding to copy filtered resources.
2020-10-04 01:43:47,659 [Worker-63: Building] INFO  o.e.m.c.i.embedder.EclipseLogger - Copying 1 resource
2020-10-04 01:43:47,669 [Worker-63: Building] INFO  o.e.m.c.i.embedder.EclipseLogger - Copying 7 resources
2020-10-04 01:43:47,676 [Worker-63: Building] INFO  o.e.m.c.i.embedder.EclipseLogger - Using 'UTF-8' encoding to copy filtered resources.
2020-10-04 01:43:47,677 [Worker-63: Building] INFO  o.e.m.c.i.embedder.EclipseLogger - skip non existing resourceDirectory C:\Users\admin\Desktop\Disque D\Projet de session\Cineplex\Cineplex\src\test\resources
2020-10-04 01:45:10,677 [Worker-63: Building] INFO  o.e.m.c.i.embedder.EclipseLogger - Using 'UTF-8' encoding to copy filtered resources.
2020-10-04 01:45:10,683 [Worker-63: Building] INFO  o.e.m.c.i.embedder.EclipseLogger - Copying 1 resource
2020-10-04 01:45:10,695 [Worker-63: Building] INFO  o.e.m.c.i.embedder.EclipseLogger - Copying 7 resources
2020-10-04 01:45:10,708 [Worker-63: Building] INFO  o.e.m.c.i.embedder.EclipseLogger - Using 'UTF-8' encoding to copy filtered resources.
2020-10-04 01:45:10,709 [Worker-63: Building] INFO  o.e.m.c.i.embedder.EclipseLogger - skip non existing resourceDirectory C:\Users\admin\Desktop\Disque D\Projet de session\Cineplex\Cineplex\src\test\resources
2020-10-04 03:12:36,584 [Worker-103: Building] INFO  o.e.m.c.i.embedder.EclipseLogger - Using 'UTF-8' encoding to copy filtered resources.
2020-10-04 03:12:36,604 [Worker-103: Building] INFO  o.e.m.c.i.embedder.EclipseLogger - Copying 1 resource
2020-10-04 03:12:36,614 [Worker-103: Building] INFO  o.e.m.c.i.embedder.EclipseLogger - Copying 7 resources
2020-10-04 03:12:36,625 [Worker-103: Building] INFO  o.e.m.c.i.embedder.EclipseLogger - Using 'UTF-8' encoding to copy filtered resources.
2020-10-04 03:12:36,625 [Worker-103: Building] INFO  o.e.m.c.i.embedder.EclipseLogger - skip non existing resourceDirectory C:\Users\admin\Desktop\Disque D\Projet de session\Cineplex\Cineplex\src\test\resources
2020-10-04 03:21:36,262 [Worker-100: Building] INFO  o.e.m.c.i.embedder.EclipseLogger - Using 'UTF-8' encoding to copy filtered resources.
2020-10-04 03:21:36,270 [Worker-100: Building] INFO  o.e.m.c.i.embedder.EclipseLogger - Copying 1 resource
2020-10-04 03:21:36,290 [Worker-100: Building] INFO  o.e.m.c.i.embedder.EclipseLogger - Copying 7 resources
2020-10-04 03:21:36,296 [Worker-100: Building] INFO  o.e.m.c.i.embedder.EclipseLogger - Using 'UTF-8' encoding to copy filtered resources.
2020-10-04 03:21:36,297 [Worker-100: Building] INFO  o.e.m.c.i.embedder.EclipseLogger - skip non existing resourceDirectory C:\Users\admin\Desktop\Disque D\Projet de session\Cineplex\Cineplex\src\test\resources
2020-10-04 03:27:09,613 [Worker-109: Building] INFO  o.e.m.c.i.embedder.EclipseLogger - Using 'UTF-8' encoding to copy filtered resources.
2020-10-04 03:27:09,620 [Worker-109: Building] INFO  o.e.m.c.i.embedder.EclipseLogger - Copying 1 resource
2020-10-04 03:27:09,627 [Worker-109: Building] INFO  o.e.m.c.i.embedder.EclipseLogger - Copying 7 resources
2020-10-04 03:27:09,635 [Worker-109: Building] INFO  o.e.m.c.i.embedder.EclipseLogger - Using 'UTF-8' encoding to copy filtered resources.
2020-10-04 03:27:09,635 [Worker-109: Building] INFO  o.e.m.c.i.embedder.EclipseLogger - skip non existing resourceDirectory C:\Users\admin\Desktop\Disque D\Projet de session\Cineplex\Cineplex\src\test\resources
2020-10-04 03:32:28,349 [Worker-111: Building] INFO  o.e.m.c.i.embedder.EclipseLogger - Using 'UTF-8' encoding to copy filtered resources.
2020-10-04 03:32:28,357 [Worker-111: Building] INFO  o.e.m.c.i.embedder.EclipseLogger - Copying 1 resource
2020-10-04 03:32:28,366 [Worker-111: Building] INFO  o.e.m.c.i.embedder.EclipseLogger - Copying 7 resources
2020-10-04 03:32:28,372 [Worker-111: Building] INFO  o.e.m.c.i.embedder.EclipseLogger - Using 'UTF-8' encoding to copy filtered resources.
2020-10-04 03:32:28,373 [Worker-111: Building] INFO  o.e.m.c.i.embedder.EclipseLogger - skip non existing resourceDirectory C:\Users\admin\Desktop\Disque D\Projet de session\Cineplex\Cineplex\src\test\resources
2020-10-04 03:32:49,814 [Worker-112: Launching CineplexApplication] INFO  o.e.m.c.i.embedder.EclipseLogger - Using 'UTF-8' encoding to copy filtered resources.
2020-10-04 03:32:49,847 [Worker-112: Launching CineplexApplication] INFO  o.e.m.c.i.embedder.EclipseLogger - Copying 1 resource
2020-10-04 03:32:49,857 [Worker-112: Launching CineplexApplication] INFO  o.e.m.c.i.embedder.EclipseLogger - Copying 7 resources
2020-10-04 03:32:49,864 [Worker-112: Launching CineplexApplication] INFO  o.e.m.c.i.embedder.EclipseLogger - Using 'UTF-8' encoding to copy filtered resources.
2020-10-04 03:32:49,865 [Worker-112: Launching CineplexApplication] INFO  o.e.m.c.i.embedder.EclipseLogger - skip non existing resourceDirectory C:\Users\admin\Desktop\Disque D\Projet de session\Cineplex\Cineplex\src\test\resources
2020-10-04 03:34:41,877 [Worker-114: Building] INFO  o.e.m.c.i.embedder.EclipseLogger - Using 'UTF-8' encoding to copy filtered resources.
2020-10-04 03:34:41,883 [Worker-114: Building] INFO  o.e.m.c.i.embedder.EclipseLogger - Copying 1 resource
2020-10-04 03:34:41,893 [Worker-114: Building] INFO  o.e.m.c.i.embedder.EclipseLogger - Copying 7 resources
2020-10-04 03:34:41,899 [Worker-114: Building] INFO  o.e.m.c.i.embedder.EclipseLogger - Using 'UTF-8' encoding to copy filtered resources.
2020-10-04 03:34:41,900 [Worker-114: Building] INFO  o.e.m.c.i.embedder.EclipseLogger - skip non existing resourceDirectory C:\Users\admin\Desktop\Disque D\Projet de session\Cineplex\Cineplex\src\test\resources
2020-10-04 03:35:14,446 [Worker-114: Building] INFO  o.e.m.c.i.embedder.EclipseLogger - Using 'UTF-8' encoding to copy filtered resources.
2020-10-04 03:35:14,451 [Worker-114: Building] INFO  o.e.m.c.i.embedder.EclipseLogger - Copying 1 resource
2020-10-04 03:35:14,458 [Worker-114: Building] INFO  o.e.m.c.i.embedder.EclipseLogger - Copying 7 resources
2020-10-04 03:35:14,465 [Worker-114: Building] INFO  o.e.m.c.i.embedder.EclipseLogger - Using 'UTF-8' encoding to copy filtered resources.
2020-10-04 03:35:14,465 [Worker-114: Building] INFO  o.e.m.c.i.embedder.EclipseLogger - skip non existing resourceDirectory C:\Users\admin\Desktop\Disque D\Projet de session\Cineplex\Cineplex\src\test\resources
2020-10-04 03:35:57,866 [Worker-109: Building] INFO  o.e.m.c.i.embedder.EclipseLogger - Using 'UTF-8' encoding to copy filtered resources.
2020-10-04 03:35:57,872 [Worker-109: Building] INFO  o.e.m.c.i.embedder.EclipseLogger - Copying 1 resource
2020-10-04 03:35:57,879 [Worker-109: Building] INFO  o.e.m.c.i.embedder.EclipseLogger - Copying 7 resources
2020-10-04 03:35:57,890 [Worker-109: Building] INFO  o.e.m.c.i.embedder.EclipseLogger - Using 'UTF-8' encoding to copy filtered resources.
2020-10-04 03:35:57,890 [Worker-109: Building] INFO  o.e.m.c.i.embedder.EclipseLogger - skip non existing resourceDirectory C:\Users\admin\Desktop\Disque D\Projet de session\Cineplex\Cineplex\src\test\resources
2020-10-04 03:45:38,826 [Worker-120: Building] INFO  o.e.m.c.i.embedder.EclipseLogger - Using 'UTF-8' encoding to copy filtered resources.
2020-10-04 03:45:38,833 [Worker-120: Building] INFO  o.e.m.c.i.embedder.EclipseLogger - Copying 1 resource
2020-10-04 03:45:38,839 [Worker-120: Building] INFO  o.e.m.c.i.embedder.EclipseLogger - Copying 7 resources
2020-10-04 03:45:38,845 [Worker-120: Building] INFO  o.e.m.c.i.embedder.EclipseLogger - Using 'UTF-8' encoding to copy filtered resources.
2020-10-04 03:45:38,846 [Worker-120: Building] INFO  o.e.m.c.i.embedder.EclipseLogger - skip non existing resourceDirectory C:\Users\admin\Desktop\Disque D\Projet de session\Cineplex\Cineplex\src\test\resources
2020-10-04 03:46:31,799 [Worker-120: Building] INFO  o.e.m.c.i.embedder.EclipseLogger - Using 'UTF-8' encoding to copy filtered resources.
2020-10-04 03:46:31,805 [Worker-120: Building] INFO  o.e.m.c.i.embedder.EclipseLogger - Copying 1 resource
2020-10-04 03:46:31,813 [Worker-120: Building] INFO  o.e.m.c.i.embedder.EclipseLogger - Copying 7 resources
2020-10-04 03:46:31,822 [Worker-120: Building] INFO  o.e.m.c.i.embedder.EclipseLogger - Using 'UTF-8' encoding to copy filtered resources.
2020-10-04 03:46:31,822 [Worker-120: Building] INFO  o.e.m.c.i.embedder.EclipseLogger - skip non existing resourceDirectory C:\Users\admin\Desktop\Disque D\Projet de session\Cineplex\Cineplex\src\test\resources
2020-10-04 03:48:02,146 [Worker-112: Building] INFO  o.e.m.c.i.embedder.EclipseLogger - Using 'UTF-8' encoding to copy filtered resources.
2020-10-04 03:48:02,152 [Worker-112: Building] INFO  o.e.m.c.i.embedder.EclipseLogger - Copying 1 resource
2020-10-04 03:48:02,159 [Worker-112: Building] INFO  o.e.m.c.i.embedder.EclipseLogger - Copying 7 resources
2020-10-04 03:48:02,165 [Worker-112: Building] INFO  o.e.m.c.i.embedder.EclipseLogger - Using 'UTF-8' encoding to copy filtered resources.
2020-10-04 03:48:02,165 [Worker-112: Building] INFO  o.e.m.c.i.embedder.EclipseLogger - skip non existing resourceDirectory C:\Users\admin\Desktop\Disque D\Projet de session\Cineplex\Cineplex\src\test\resources
2020-10-04 03:48:08,156 [Worker-118: Building] INFO  o.e.m.c.i.embedder.EclipseLogger - Using 'UTF-8' encoding to copy filtered resources.
2020-10-04 03:48:08,162 [Worker-118: Building] INFO  o.e.m.c.i.embedder.EclipseLogger - Copying 1 resource
2020-10-04 03:48:08,170 [Worker-118: Building] INFO  o.e.m.c.i.embedder.EclipseLogger - Copying 7 resources
2020-10-04 03:48:08,180 [Worker-118: Building] INFO  o.e.m.c.i.embedder.EclipseLogger - Using 'UTF-8' encoding to copy filtered resources.
2020-10-04 03:48:08,181 [Worker-118: Building] INFO  o.e.m.c.i.embedder.EclipseLogger - skip non existing resourceDirectory C:\Users\admin\Desktop\Disque D\Projet de session\Cineplex\Cineplex\src\test\resources
2020-10-04 04:20:42,595 [Worker-128: Building] INFO  o.e.m.c.i.embedder.EclipseLogger - Using 'UTF-8' encoding to copy filtered resources.
2020-10-04 04:20:42,604 [Worker-128: Building] INFO  o.e.m.c.i.embedder.EclipseLogger - Copying 1 resource
2020-10-04 04:20:42,612 [Worker-128: Building] INFO  o.e.m.c.i.embedder.EclipseLogger - Copying 7 resources
2020-10-04 04:20:42,617 [Worker-128: Building] INFO  o.e.m.c.i.embedder.EclipseLogger - Using 'UTF-8' encoding to copy filtered resources.
2020-10-04 04:20:42,617 [Worker-128: Building] INFO  o.e.m.c.i.embedder.EclipseLogger - skip non existing resourceDirectory C:\Users\admin\Desktop\Disque D\Projet de session\Cineplex\Cineplex\src\test\resources
2020-10-04 04:24:03,608 [Worker-125: Building] INFO  o.e.m.c.i.embedder.EclipseLogger - Using 'UTF-8' encoding to copy filtered resources.
2020-10-04 04:24:03,615 [Worker-125: Building] INFO  o.e.m.c.i.embedder.EclipseLogger - Copying 1 resource
2020-10-04 04:24:03,640 [Worker-125: Building] INFO  o.e.m.c.i.embedder.EclipseLogger - Copying 7 resources
2020-10-04 04:24:03,646 [Worker-125: Building] INFO  o.e.m.c.i.embedder.EclipseLogger - Using 'UTF-8' encoding to copy filtered resources.
2020-10-04 04:24:03,647 [Worker-125: Building] INFO  o.e.m.c.i.embedder.EclipseLogger - skip non existing resourceDirectory C:\Users\admin\Desktop\Disque D\Projet de session\Cineplex\Cineplex\src\test\resources
2020-10-04 05:29:22,657 [Worker-151: Building] INFO  o.e.m.c.i.embedder.EclipseLogger - Using 'UTF-8' encoding to copy filtered resources.
2020-10-04 05:29:22,666 [Worker-151: Building] INFO  o.e.m.c.i.embedder.EclipseLogger - Copying 1 resource
2020-10-04 05:29:22,674 [Worker-151: Building] INFO  o.e.m.c.i.embedder.EclipseLogger - Copying 7 resources
2020-10-04 05:29:22,680 [Worker-151: Building] INFO  o.e.m.c.i.embedder.EclipseLogger - Using 'UTF-8' encoding to copy filtered resources.
2020-10-04 05:29:22,681 [Worker-151: Building] INFO  o.e.m.c.i.embedder.EclipseLogger - skip non existing resourceDirectory C:\Users\admin\Desktop\Disque D\Projet de session\Cineplex\Cineplex\src\test\resources
2020-10-04 06:25:04,831 [Worker-137: Building] INFO  o.e.m.c.i.embedder.EclipseLogger - Using 'UTF-8' encoding to copy filtered resources.
2020-10-04 06:25:04,844 [Worker-137: Building] INFO  o.e.m.c.i.embedder.EclipseLogger - Copying 1 resource
2020-10-04 06:25:04,856 [Worker-137: Building] INFO  o.e.m.c.i.embedder.EclipseLogger - Copying 7 resources
2020-10-04 06:25:04,863 [Worker-137: Building] INFO  o.e.m.c.i.embedder.EclipseLogger - Using 'UTF-8' encoding to copy filtered resources.
2020-10-04 06:25:04,863 [Worker-137: Building] INFO  o.e.m.c.i.embedder.EclipseLogger - skip non existing resourceDirectory C:\Users\admin\Desktop\Disque D\Projet de session\Cineplex\Cineplex\src\test\resources
2020-10-04 12:45:00,892 [Worker-196: Building] INFO  o.e.m.c.i.embedder.EclipseLogger - Using 'UTF-8' encoding to copy filtered resources.
2020-10-04 12:45:00,910 [Worker-196: Building] INFO  o.e.m.c.i.embedder.EclipseLogger - Copying 1 resource
2020-10-04 12:45:00,922 [Worker-196: Building] INFO  o.e.m.c.i.embedder.EclipseLogger - Copying 7 resources
2020-10-04 12:45:00,938 [Worker-196: Building] INFO  o.e.m.c.i.embedder.EclipseLogger - Using 'UTF-8' encoding to copy filtered resources.
2020-10-04 12:45:00,938 [Worker-196: Building] INFO  o.e.m.c.i.embedder.EclipseLogger - skip non existing resourceDirectory C:\Users\admin\Desktop\Disque D\Projet de session\Cineplex\Cineplex\src\test\resources
2020-10-04 12:53:36,880 [Worker-195: Building] INFO  o.e.m.c.i.embedder.EclipseLogger - Using 'UTF-8' encoding to copy filtered resources.
2020-10-04 12:53:36,886 [Worker-195: Building] INFO  o.e.m.c.i.embedder.EclipseLogger - Copying 1 resource
2020-10-04 12:53:36,894 [Worker-195: Building] INFO  o.e.m.c.i.embedder.EclipseLogger - Copying 7 resources
2020-10-04 12:53:36,899 [Worker-195: Building] INFO  o.e.m.c.i.embedder.EclipseLogger - Using 'UTF-8' encoding to copy filtered resources.
2020-10-04 12:53:36,900 [Worker-195: Building] INFO  o.e.m.c.i.embedder.EclipseLogger - skip non existing resourceDirectory C:\Users\admin\Desktop\Disque D\Projet de session\Cineplex\Cineplex\src\test\resources
2020-10-04 13:00:35,170 [Worker-200: Building] INFO  o.e.m.c.i.embedder.EclipseLogger - Using 'UTF-8' encoding to copy filtered resources.
2020-10-04 13:00:35,176 [Worker-200: Building] INFO  o.e.m.c.i.embedder.EclipseLogger - Copying 1 resource
2020-10-04 13:00:35,184 [Worker-200: Building] INFO  o.e.m.c.i.embedder.EclipseLogger - Copying 7 resources
2020-10-04 13:00:35,189 [Worker-200: Building] INFO  o.e.m.c.i.embedder.EclipseLogger - Using 'UTF-8' encoding to copy filtered resources.
2020-10-04 13:00:35,190 [Worker-200: Building] INFO  o.e.m.c.i.embedder.EclipseLogger - skip non existing resourceDirectory C:\Users\admin\Desktop\Disque D\Projet de session\Cineplex\Cineplex\src\test\resources
2020-10-04 13:23:51,016 [Worker-200: Building] INFO  o.e.m.c.i.embedder.EclipseLogger - Using 'UTF-8' encoding to copy filtered resources.
2020-10-04 13:23:51,022 [Worker-200: Building] INFO  o.e.m.c.i.embedder.EclipseLogger - Copying 1 resource
2020-10-04 13:23:51,030 [Worker-200: Building] INFO  o.e.m.c.i.embedder.EclipseLogger - Copying 7 resources
2020-10-04 13:23:51,039 [Worker-200: Building] INFO  o.e.m.c.i.embedder.EclipseLogger - Using 'UTF-8' encoding to copy filtered resources.
2020-10-04 13:23:51,039 [Worker-200: Building] INFO  o.e.m.c.i.embedder.EclipseLogger - skip non existing resourceDirectory C:\Users\admin\Desktop\Disque D\Projet de session\Cineplex\Cineplex\src\test\resources
2020-10-04 13:25:35,592 [Worker-200: Building] INFO  o.e.m.c.i.embedder.EclipseLogger - Using 'UTF-8' encoding to copy filtered resources.
2020-10-04 13:25:35,597 [Worker-200: Building] INFO  o.e.m.c.i.embedder.EclipseLogger - Copying 1 resource
2020-10-04 13:25:35,603 [Worker-200: Building] INFO  o.e.m.c.i.embedder.EclipseLogger - Copying 7 resources
2020-10-04 13:25:35,608 [Worker-200: Building] INFO  o.e.m.c.i.embedder.EclipseLogger - Using 'UTF-8' encoding to copy filtered resources.
2020-10-04 13:25:35,608 [Worker-200: Building] INFO  o.e.m.c.i.embedder.EclipseLogger - skip non existing resourceDirectory C:\Users\admin\Desktop\Disque D\Projet de session\Cineplex\Cineplex\src\test\resources
2020-10-05 22:47:33,817 [Worker-1: Loading available Gradle versions] INFO  o.e.b.c.i.u.g.PublishedGradleVersions - Gradle version information cache is out-of-date. Trying to update.
2020-10-06 08:06:51,698 [Worker-1: Loading available Gradle versions] INFO  o.e.b.c.i.u.g.PublishedGradleVersions - Gradle version information cache is up-to-date. Trying to read.
2020-10-06 08:59:38,015 [Worker-23: Building] INFO  o.e.m.c.i.embedder.EclipseLogger - Using 'UTF-8' encoding to copy filtered resources.
2020-10-06 08:59:38,052 [Worker-23: Building] INFO  o.e.m.c.i.embedder.EclipseLogger - Copying 1 resource
2020-10-06 08:59:38,172 [Worker-23: Building] INFO  o.e.m.c.i.embedder.EclipseLogger - Copying 7 resources
2020-10-06 08:59:38,191 [Worker-23: Building] INFO  o.e.m.c.i.embedder.EclipseLogger - Using 'UTF-8' encoding to copy filtered resources.
2020-10-06 08:59:38,191 [Worker-23: Building] INFO  o.e.m.c.i.embedder.EclipseLogger - skip non existing resourceDirectory C:\Users\admin\Desktop\Disque D\Projet de session\Cineplex\Cineplex\src\test\resources
2020-10-06 12:09:29,425 [Worker-72: Building] INFO  o.e.m.c.i.embedder.EclipseLogger - Using 'UTF-8' encoding to copy filtered resources.
2020-10-06 12:09:29,440 [Worker-72: Building] INFO  o.e.m.c.i.embedder.EclipseLogger - Copying 1 resource
2020-10-06 12:09:29,449 [Worker-72: Building] INFO  o.e.m.c.i.embedder.EclipseLogger - Copying 7 resources
2020-10-06 12:09:29,454 [Worker-72: Building] INFO  o.e.m.c.i.embedder.EclipseLogger - Using 'UTF-8' encoding to copy filtered resources.
2020-10-06 12:09:29,454 [Worker-72: Building] INFO  o.e.m.c.i.embedder.EclipseLogger - skip non existing resourceDirectory C:\Users\admin\Desktop\Disque D\Projet de session\Cineplex\Cineplex\src\test\resources
2020-10-06 12:17:14,242 [Worker-76: Building] INFO  o.e.m.c.i.embedder.EclipseLogger - Using 'UTF-8' encoding to copy filtered resources.
2020-10-06 12:17:14,270 [Worker-76: Building] INFO  o.e.m.c.i.embedder.EclipseLogger - Copying 1 resource
2020-10-06 12:17:14,279 [Worker-76: Building] INFO  o.e.m.c.i.embedder.EclipseLogger - Copying 7 resources
2020-10-06 12:17:14,287 [Worker-76: Building] INFO  o.e.m.c.i.embedder.EclipseLogger - Using 'UTF-8' encoding to copy filtered resources.
2020-10-06 12:17:14,287 [Worker-76: Building] INFO  o.e.m.c.i.embedder.EclipseLogger - skip non existing resourceDirectory C:\Users\admin\Desktop\Disque D\Projet de session\Cineplex\Cineplex\src\test\resources
2020-10-06 12:24:57,297 [Worker-75: Building] INFO  o.e.m.c.i.embedder.EclipseLogger - Using 'UTF-8' encoding to copy filtered resources.
2020-10-06 12:24:57,303 [Worker-75: Building] INFO  o.e.m.c.i.embedder.EclipseLogger - Copying 1 resource
2020-10-06 12:24:57,312 [Worker-75: Building] INFO  o.e.m.c.i.embedder.EclipseLogger - Copying 7 resources
2020-10-06 12:24:57,321 [Worker-75: Building] INFO  o.e.m.c.i.embedder.EclipseLogger - Using 'UTF-8' encoding to copy filtered resources.
2020-10-06 12:24:57,321 [Worker-75: Building] INFO  o.e.m.c.i.embedder.EclipseLogger - skip non existing resourceDirectory C:\Users\admin\Desktop\Disque D\Projet de session\Cineplex\Cineplex\src\test\resources
2020-10-06 12:50:53,751 [Worker-82: Building] INFO  o.e.m.c.i.embedder.EclipseLogger - Using 'UTF-8' encoding to copy filtered resources.
2020-10-06 12:50:53,757 [Worker-82: Building] INFO  o.e.m.c.i.embedder.EclipseLogger - Copying 1 resource
2020-10-06 12:50:53,765 [Worker-82: Building] INFO  o.e.m.c.i.embedder.EclipseLogger - Copying 7 resources
2020-10-06 12:50:53,771 [Worker-82: Building] INFO  o.e.m.c.i.embedder.EclipseLogger - Using 'UTF-8' encoding to copy filtered resources.
2020-10-06 12:50:53,772 [Worker-82: Building] INFO  o.e.m.c.i.embedder.EclipseLogger - skip non existing resourceDirectory C:\Users\admin\Desktop\Disque D\Projet de session\Cineplex\Cineplex\src\test\resources
2020-10-06 12:51:44,870 [Worker-82: Building] INFO  o.e.m.c.i.embedder.EclipseLogger - Using 'UTF-8' encoding to copy filtered resources.
2020-10-06 12:51:44,878 [Worker-82: Building] INFO  o.e.m.c.i.embedder.EclipseLogger - Copying 1 resource
2020-10-06 12:51:44,886 [Worker-82: Building] INFO  o.e.m.c.i.embedder.EclipseLogger - Copying 7 resources
2020-10-06 12:51:44,893 [Worker-82: Building] INFO  o.e.m.c.i.embedder.EclipseLogger - Using 'UTF-8' encoding to copy filtered resources.
2020-10-06 12:51:44,894 [Worker-82: Building] INFO  o.e.m.c.i.embedder.EclipseLogger - skip non existing resourceDirectory C:\Users\admin\Desktop\Disque D\Projet de session\Cineplex\Cineplex\src\test\resources
2020-10-06 13:04:24,607 [Worker-82: Building] INFO  o.e.m.c.i.embedder.EclipseLogger - Using 'UTF-8' encoding to copy filtered resources.
2020-10-06 13:04:24,612 [Worker-82: Building] INFO  o.e.m.c.i.embedder.EclipseLogger - Copying 1 resource
2020-10-06 13:04:24,620 [Worker-82: Building] INFO  o.e.m.c.i.embedder.EclipseLogger - Copying 7 resources
2020-10-06 13:04:24,626 [Worker-82: Building] INFO  o.e.m.c.i.embedder.EclipseLogger - Using 'UTF-8' encoding to copy filtered resources.
2020-10-06 13:04:24,627 [Worker-82: Building] INFO  o.e.m.c.i.embedder.EclipseLogger - skip non existing resourceDirectory C:\Users\admin\Desktop\Disque D\Projet de session\Cineplex\Cineplex\src\test\resources
2020-10-06 13:05:15,774 [Worker-90: Building] INFO  o.e.m.c.i.embedder.EclipseLogger - Using 'UTF-8' encoding to copy filtered resources.
2020-10-06 13:05:15,782 [Worker-90: Building] INFO  o.e.m.c.i.embedder.EclipseLogger - Copying 1 resource
2020-10-06 13:05:15,791 [Worker-90: Building] INFO  o.e.m.c.i.embedder.EclipseLogger - Copying 7 resources
2020-10-06 13:05:15,799 [Worker-90: Building] INFO  o.e.m.c.i.embedder.EclipseLogger - Using 'UTF-8' encoding to copy filtered resources.
2020-10-06 13:05:15,800 [Worker-90: Building] INFO  o.e.m.c.i.embedder.EclipseLogger - skip non existing resourceDirectory C:\Users\admin\Desktop\Disque D\Projet de session\Cineplex\Cineplex\src\test\resources
2020-10-07 00:18:28,532 [Worker-0: Loading available Gradle versions] INFO  o.e.b.c.i.u.g.PublishedGradleVersions - Gradle version information cache is up-to-date. Trying to read.
2020-10-07 00:37:59,531 [Worker-17: Building] INFO  o.e.m.c.i.embedder.EclipseLogger - Using 'UTF-8' encoding to copy filtered resources.
2020-10-07 00:37:59,552 [Worker-17: Building] INFO  o.e.m.c.i.embedder.EclipseLogger - Copying 1 resource
2020-10-07 00:37:59,688 [Worker-17: Building] INFO  o.e.m.c.i.embedder.EclipseLogger - Copying 7 resources
2020-10-07 00:37:59,711 [Worker-17: Building] INFO  o.e.m.c.i.embedder.EclipseLogger - Using 'UTF-8' encoding to copy filtered resources.
2020-10-07 00:37:59,712 [Worker-17: Building] INFO  o.e.m.c.i.embedder.EclipseLogger - skip non existing resourceDirectory C:\Users\admin\Desktop\Disque D\Projet de session\Cineplex\Cineplex\src\test\resources
2020-10-07 02:16:13,601 [Worker-38: Building] INFO  o.e.m.c.i.embedder.EclipseLogger - Using 'UTF-8' encoding to copy filtered resources.
2020-10-07 02:16:13,613 [Worker-38: Building] INFO  o.e.m.c.i.embedder.EclipseLogger - Copying 1 resource
2020-10-07 02:16:13,621 [Worker-38: Building] INFO  o.e.m.c.i.embedder.EclipseLogger - Copying 7 resources
2020-10-07 02:16:13,626 [Worker-38: Building] INFO  o.e.m.c.i.embedder.EclipseLogger - Using 'UTF-8' encoding to copy filtered resources.
2020-10-07 02:16:13,627 [Worker-38: Building] INFO  o.e.m.c.i.embedder.EclipseLogger - skip non existing resourceDirectory C:\Users\admin\Desktop\Disque D\Projet de session\Cineplex\Cineplex\src\test\resources
2020-10-07 02:20:21,215 [Worker-40: Building] INFO  o.e.m.c.i.embedder.EclipseLogger - Using 'UTF-8' encoding to copy filtered resources.
2020-10-07 02:20:21,219 [Worker-40: Building] INFO  o.e.m.c.i.embedder.EclipseLogger - Copying 1 resource
2020-10-07 02:20:21,227 [Worker-40: Building] INFO  o.e.m.c.i.embedder.EclipseLogger - Copying 7 resources
2020-10-07 02:20:21,232 [Worker-40: Building] INFO  o.e.m.c.i.embedder.EclipseLogger - Using 'UTF-8' encoding to copy filtered resources.
2020-10-07 02:20:21,232 [Worker-40: Building] INFO  o.e.m.c.i.embedder.EclipseLogger - skip non existing resourceDirectory C:\Users\admin\Desktop\Disque D\Projet de session\Cineplex\Cineplex\src\test\resources
2020-10-07 02:21:52,827 [Worker-37: Building] INFO  o.e.m.c.i.embedder.EclipseLogger - Using 'UTF-8' encoding to copy filtered resources.
2020-10-07 02:21:52,832 [Worker-37: Building] INFO  o.e.m.c.i.embedder.EclipseLogger - Copying 1 resource
2020-10-07 02:21:52,840 [Worker-37: Building] INFO  o.e.m.c.i.embedder.EclipseLogger - Copying 7 resources
2020-10-07 02:21:52,847 [Worker-37: Building] INFO  o.e.m.c.i.embedder.EclipseLogger - Using 'UTF-8' encoding to copy filtered resources.
2020-10-07 02:21:52,847 [Worker-37: Building] INFO  o.e.m.c.i.embedder.EclipseLogger - skip non existing resourceDirectory C:\Users\admin\Desktop\Disque D\Projet de session\Cineplex\Cineplex\src\test\resources
2020-10-09 21:07:46,554 [Worker-0: Loading available Gradle versions] INFO  o.e.b.c.i.u.g.PublishedGradleVersions - Gradle version information cache is out-of-date. Trying to update.
2020-10-10 11:41:23,924 [Worker-3: Loading available Gradle versions] INFO  o.e.b.c.i.u.g.PublishedGradleVersions - Gradle version information cache is up-to-date. Trying to read.
2020-10-10 11:43:08,593 [Worker-1: Building] INFO  o.e.m.c.i.embedder.EclipseLogger - Using 'UTF-8' encoding to copy filtered resources.
2020-10-10 11:43:08,602 [Worker-1: Building] INFO  o.e.m.c.i.embedder.EclipseLogger - Copying 1 resource
2020-10-10 11:43:08,624 [Worker-1: Building] INFO  o.e.m.c.i.embedder.EclipseLogger - Copying 7 resources
2020-10-10 11:43:08,703 [Worker-1: Building] INFO  o.e.m.c.i.embedder.EclipseLogger - Using 'UTF-8' encoding to copy filtered resources.
2020-10-10 11:43:08,703 [Worker-1: Building] INFO  o.e.m.c.i.embedder.EclipseLogger - skip non existing resourceDirectory C:\Users\admin\Desktop\Disque D\Projet de session\Cineplex\Cineplex\src\test\resources
2020-10-10 20:53:09,597 [Worker-1: Loading available Gradle versions] INFO  o.e.b.c.i.u.g.PublishedGradleVersions - Gradle version information cache is up-to-date. Trying to read.
